Using pre-set license
Built from '2021.3/staging' branch; Version is '2021.3.4f1 (cb45f9cae8b7) revision 13321721'; Using compiler version '192829333'; Build Type 'Release'
OS: 'Windows 10  (10.0.19044) 64bit Professional' Language: 'ru' Physical Memory: 16225 MB
BatchMode: 1, IsHumanControllingUs: 0, StartBugReporterOnCrash: 0, Is64bit: 1, IsPro: 1

COMMAND LINE ARGUMENTS:
C:\Program Files\Unity 2021.3.4f1\Editor\Unity.exe
-adb2
-batchMode
-noUpm
-name
AssetImportWorker0
-projectPath
D:/Разработка Игр/!!! 2 Четверь/3 курс - стратегия/Github_Strategy/Strategy
-logFile
Logs/AssetImportWorker0.log
-srvPort
63922
Successfully changed project path to: D:/Разработка Игр/!!! 2 Четверь/3 курс - стратегия/Github_Strategy/Strategy
D:/Разработка Игр/!!! 2 Четверь/3 курс - стратегия/Github_Strategy/Strategy
[UnityMemory] Configuration Parameters - Can be set up in boot.config
    "memorysetup-bucket-allocator-granularity=16"
    "memorysetup-bucket-allocator-bucket-count=8"
    "memorysetup-bucket-allocator-block-size=33554432"
    "memorysetup-bucket-allocator-block-count=8"
    "memorysetup-main-allocator-block-size=16777216"
    "memorysetup-thread-allocator-block-size=16777216"
    "memorysetup-gfx-main-allocator-block-size=16777216"
    "memorysetup-gfx-thread-allocator-block-size=16777216"
    "memorysetup-cache-allocator-block-size=4194304"
    "memorysetup-typetree-allocator-block-size=2097152"
    "memorysetup-profiler-bucket-allocator-granularity=16"
    "memorysetup-profiler-bucket-allocator-bucket-count=8"
    "memorysetup-profiler-bucket-allocator-block-size=33554432"
    "memorysetup-profiler-bucket-allocator-block-count=8"
    "memorysetup-profiler-allocator-block-size=16777216"
    "memorysetup-profiler-editor-allocator-block-size=1048576"
    "memorysetup-temp-allocator-size-main=16777216"
    "memorysetup-job-temp-allocator-block-size=2097152"
    "memorysetup-job-temp-allocator-block-size-background=1048576"
    "memorysetup-job-temp-allocator-reduction-small-platforms=262144"
    "memorysetup-temp-allocator-size-background-worker=32768"
    "memorysetup-temp-allocator-size-job-worker=262144"
    "memorysetup-temp-allocator-size-preload-manager=33554432"
    "memorysetup-temp-allocator-size-nav-mesh-worker=65536"
    "memorysetup-temp-allocator-size-audio-worker=65536"
    "memorysetup-temp-allocator-size-cloud-worker=32768"
    "memorysetup-temp-allocator-size-gi-baking-worker=262144"
    "memorysetup-temp-allocator-size-gfx=262144"
Refreshing native plugins compatible for Editor in 138.95 ms, found 3 plugins.
Preloading 0 native plugins for Editor in 0.00 ms.
Initialize engine version: 2021.3.4f1 (cb45f9cae8b7)
[Subsystems] Discovering subsystems at path C:/Program Files/Unity 2021.3.4f1/Editor/Data/Resources/UnitySubsystems
[Subsystems] Discovering subsystems at path D:/Разработка Игр/!!! 2 Четверь/3 курс - стратегия/Github_Strategy/Strategy/Assets
GfxDevice: creating device client; threaded=0; jobified=0
Direct3D:
    Version:  Direct3D 11.0 [level 11.1]
    Renderer: Radeon RX 570 Series (ID=0x67df)
    Vendor:   ATI
    VRAM:     4074 MB
    Driver:   31.0.12027.7000
Initialize mono
Mono path[0] = 'C:/Program Files/Unity 2021.3.4f1/Editor/Data/Managed'
Mono path[1] = 'C:/Program Files/Unity 2021.3.4f1/Editor/Data/MonoBleedingEdge/lib/mono/unityjit-win32'
Mono config path = 'C:/Program Files/Unity 2021.3.4f1/Editor/Data/MonoBleedingEdge/etc'
Using monoOptions --debugger-agent=transport=dt_socket,embedding=1,server=y,suspend=n,address=127.0.0.1:56340
Begin MonoManager ReloadAssembly
Registering precompiled unity dll's ...
Register platform support module: C:/Program Files/Unity 2021.3.4f1/Editor/Data/PlaybackEngines/WindowsStandaloneSupport/UnityEditor.WindowsStandalone.Extensions.dll
Registered in 0.006411 seconds.
Native extension for WindowsStandalone target not found
Refreshing native plugins compatible for Editor in 137.22 ms, found 3 plugins.
Preloading 0 native plugins for Editor in 0.00 ms.
Mono: successfully reloaded assembly
- Completed reload, in  1.094 seconds
Domain Reload Profiling:
	ReloadAssembly (1095ms)
		BeginReloadAssembly (130ms)
			ExecutionOrderSort (0ms)
			DisableScriptedObjects (0ms)
			BackupInstance (0ms)
			ReleaseScriptingObjects (0ms)
			CreateAndSetChildDomain (1ms)
		EndReloadAssembly (770ms)
			LoadAssemblies (127ms)
			RebuildTransferFunctionScriptingTraits (0ms)
			SetupTypeCache (194ms)
			ReleaseScriptCaches (0ms)
			RebuildScriptCaches (67ms)
			SetupLoadedEditorAssemblies (428ms)
				LogAssemblyErrors (0ms)
				InitializePlatformSupportModulesInManaged (10ms)
				SetLoadedEditorAssemblies (0ms)
				RefreshPlugins (137ms)
				BeforeProcessingInitializeOnLoad (2ms)
				ProcessInitializeOnLoadAttributes (183ms)
				ProcessInitializeOnLoadMethodAttributes (95ms)
				AfterProcessingInitializeOnLoad (0ms)
				EditorAssembliesLoaded (0ms)
			ExecutionOrderSort2 (0ms)
			AwakeInstancesAfterBackupRestoration (0ms)
Platform modules already initialized, skipping
Registering precompiled user dll's ...
Registered in 0.008254 seconds.
Begin MonoManager ReloadAssembly
Symbol file LoadedFromMemory doesn't match image D:\Разработка Игр\!!! 2 Четверь\3 курс - стратегия\Github_Strategy\Strategy\Library\PackageCache\com.unity.visualscripting@1.7.8\Editor\VisualScripting.Core\Dependencies\YamlDotNet\Unity.VisualScripting.YamlDotNet.dll
Symbol file LoadedFromMemory doesn't match image D:\Разработка Игр\!!! 2 Четверь\3 курс - стратегия\Github_Strategy\Strategy\Library\PackageCache\com.unity.visualscripting@1.7.8\Editor\VisualScripting.Core\Dependencies\DotNetZip\Unity.VisualScripting.IonicZip.dll
Native extension for WindowsStandalone target not found
Refreshing native plugins compatible for Editor in 0.90 ms, found 3 plugins.
Preloading 0 native plugins for Editor in 0.00 ms.
Mono: successfully reloaded assembly
- Completed reload, in  1.795 seconds
Domain Reload Profiling:
	ReloadAssembly (1796ms)
		BeginReloadAssembly (170ms)
			ExecutionOrderSort (0ms)
			DisableScriptedObjects (13ms)
			BackupInstance (0ms)
			ReleaseScriptingObjects (0ms)
			CreateAndSetChildDomain (25ms)
		EndReloadAssembly (1470ms)
			LoadAssemblies (326ms)
			RebuildTransferFunctionScriptingTraits (0ms)
			SetupTypeCache (427ms)
			ReleaseScriptCaches (1ms)
			RebuildScriptCaches (75ms)
			SetupLoadedEditorAssemblies (575ms)
				LogAssemblyErrors (0ms)
				InitializePlatformSupportModulesInManaged (10ms)
				SetLoadedEditorAssemblies (2ms)
				RefreshPlugins (1ms)
				BeforeProcessingInitializeOnLoad (153ms)
				ProcessInitializeOnLoadAttributes (352ms)
				ProcessInitializeOnLoadMethodAttributes (42ms)
				AfterProcessingInitializeOnLoad (15ms)
				EditorAssembliesLoaded (0ms)
			ExecutionOrderSort2 (0ms)
			AwakeInstancesAfterBackupRestoration (8ms)
Platform modules already initialized, skipping
========================================================================
Worker process is ready to serve import requests
Launched and connected shader compiler UnityShaderCompiler.exe after 0.08 seconds
Refreshing native plugins compatible for Editor in 1.42 ms, found 3 plugins.
Preloading 0 native plugins for Editor in 0.00 ms.
Unloading 4055 Unused Serialized files (Serialized files now loaded: 0)
Unloading 30 unused Assets / (57.2 KB). Loaded Objects now: 4510.
Memory consumption went from 145.9 MB to 145.8 MB.
Total: 3.865900 ms (FindLiveObjects: 0.412200 ms CreateObjectMapping: 0.231100 ms MarkObjects: 3.107700 ms  DeleteObjects: 0.113600 ms)

AssetImportParameters requested are different than current active one (requested -> active):
  custom:video-decoder-ogg-theora: a1e56fd34408186e4bbccfd4996cb3dc -> 
  custom:container-muxer-webm: aa71ff27fc2769a1b78a27578f13a17b -> 
  custom:container-demuxer-webm: 4f35f7cbe854078d1ac9338744f61a02 -> 
  custom:video-encoder-webm-vp8: eb34c28f22e8b96e1ab97ce403110664 -> 
  custom:audio-encoder-webm-vorbis: bf7c407c2cedff20999df2af8eb42d56 -> 
  custom:framework-win-MediaFoundation: 216162199b28c13a410421893ffa2e32 -> 
  custom:container-demuxer-ogg: 62fdf1f143b41e24485cea50d1cbac27 -> 
  custom:video-decoder-webm-vp8: 9c59270c3fd7afecdb556c50c9e8de78 -> 
  custom:audio-decoder-ogg-vorbis: bf7c407c2cedff20999df2af8eb42d56 -> 
========================================================================
Received Import Request.
  Time since last request: 284961.027389 seconds.
  path: Assets/Plugins/Zenject/OptionalExtras/SampleGame1 (Beginner)/Media/Imported/Materials/CampFire_Smoke.mat
  artifactKey: Guid(edd0d4a6265d34cbea0dc848ce7114af) Importer(815301076,1909f56bfc062723c751e8b465ee728b)
Start importing Assets/Plugins/Zenject/OptionalExtras/SampleGame1 (Beginner)/Media/Imported/Materials/CampFire_Smoke.mat using Guid(edd0d4a6265d34cbea0dc848ce7114af) Importer(815301076,1909f56bfc062723c751e8b465ee728b)  -> (artifact id: '92bcd56d1b27d622bdfcbf3a44be9ec8') in 0.341971 seconds 
========================================================================
Received Import Request.
  Time since last request: 0.000022 seconds.
  path: Assets/Assets/3D Game Kit - Character Pack/Characters/Ellen/Textures/Ellen_Hair_MetallicSmooth.tif
  artifactKey: Guid(c3f4a5d645c2b5c4390c8892609a8093) Importer(815301076,1909f56bfc062723c751e8b465ee728b)
Start importing Assets/Assets/3D Game Kit - Character Pack/Characters/Ellen/Textures/Ellen_Hair_MetallicSmooth.tif using Guid(c3f4a5d645c2b5c4390c8892609a8093) Importer(815301076,1909f56bfc062723c751e8b465ee728b)  -> (artifact id: '92c4506fa68065a6a0a0935241022ddf') in 0.139767 seconds 
========================================================================
Received Import Request.
  Time since last request: 0.000032 seconds.
  path: Assets/Assets/3D Game Kit - Character Pack/Characters/Ellen/Textures/Ellen_Body_MetallicSmooth.tif
  artifactKey: Guid(d6dbc9ef89fd5b94d889616bfa730aec) Importer(815301076,1909f56bfc062723c751e8b465ee728b)
Start importing Assets/Assets/3D Game Kit - Character Pack/Characters/Ellen/Textures/Ellen_Body_MetallicSmooth.tif using Guid(d6dbc9ef89fd5b94d889616bfa730aec) Importer(815301076,1909f56bfc062723c751e8b465ee728b)  -> (artifact id: 'a4569ff4d5f332da15ae57e19e8459d7') in 0.299539 seconds 
========================================================================
Received Import Request.
  Time since last request: 0.000028 seconds.
  path: Assets/Assets/3D Game Kit - Character Pack/Characters/Ellen/Textures/Ellen_Body_Dirty_MetallicSmooth.tif
  artifactKey: Guid(fd9c2899baee2864b8a1df109fa8ec9e) Importer(815301076,1909f56bfc062723c751e8b465ee728b)
Start importing Assets/Assets/3D Game Kit - Character Pack/Characters/Ellen/Textures/Ellen_Body_Dirty_MetallicSmooth.tif using Guid(fd9c2899baee2864b8a1df109fa8ec9e) Importer(815301076,1909f56bfc062723c751e8b465ee728b)  -> (artifact id: '88562b49aa18a54deecb9ac003f7ea09') in 0.097924 seconds 
========================================================================
Received Import Request.
  Time since last request: 0.000031 seconds.
  path: Assets/TextMesh Pro/Shaders/TMPro_Mobile.cginc
  artifactKey: Guid(c334973cef89a9840b0b0c507e0377ab) Importer(815301076,1909f56bfc062723c751e8b465ee728b)
Start importing Assets/TextMesh Pro/Shaders/TMPro_Mobile.cginc using Guid(c334973cef89a9840b0b0c507e0377ab) Importer(815301076,1909f56bfc062723c751e8b465ee728b)  -> (artifact id: '89ec19a9bb5cbf8bdad0e1633e175a9e') in 0.104544 seconds 
========================================================================
Received Import Request.
  Time since last request: 0.000022 seconds.
  path: Assets/Assets/3D Game Kit - Environment Pack/Environment/Rocks/Textures/CliffEdge03_MetallicSmooth.tif
  artifactKey: Guid(221f1f0bbafae5043bb1744874b5b24a) Importer(815301076,1909f56bfc062723c751e8b465ee728b)
Start importing Assets/Assets/3D Game Kit - Environment Pack/Environment/Rocks/Textures/CliffEdge03_MetallicSmooth.tif using Guid(221f1f0bbafae5043bb1744874b5b24a) Importer(815301076,1909f56bfc062723c751e8b465ee728b)  -> (artifact id: 'ee6bf96168f11aaacffce999343f59f6') in 0.052811 seconds 
========================================================================
Received Import Request.
  Time since last request: 0.000024 seconds.
  path: Assets/Assets/3D Game Kit - Character Pack/Characters/Ellen/Textures/Ellen_Head_MetallicSmooth.tif
  artifactKey: Guid(aaf6c0fbd19ec2f4f8caa35ff92c9583) Importer(815301076,1909f56bfc062723c751e8b465ee728b)
Start importing Assets/Assets/3D Game Kit - Character Pack/Characters/Ellen/Textures/Ellen_Head_MetallicSmooth.tif using Guid(aaf6c0fbd19ec2f4f8caa35ff92c9583) Importer(815301076,1909f56bfc062723c751e8b465ee728b)  -> (artifact id: '0707e5cdabac5db2ec68f8313355467c') in 0.093495 seconds 
Editor requested this worker to shutdown with reason: Scaling down because of idle timeout
AssetImportWorkerClient::OnTransportError - code=2 error=End of file
AssetImportWorker is now disconnected from the server
Process exiting
Exiting without the bug reporter. Application will terminate with return code 0