Using pre-set license
Built from '2021.3/staging' branch; Version is '2021.3.4f1 (cb45f9cae8b7) revision 13321721'; Using compiler version '192829333'; Build Type 'Release'
OS: 'Windows 10  (10.0.19044) 64bit Professional' Language: 'ru' Physical Memory: 16225 MB
BatchMode: 1, IsHumanControllingUs: 0, StartBugReporterOnCrash: 0, Is64bit: 1, IsPro: 1

COMMAND LINE ARGUMENTS:
C:\Program Files\Unity 2021.3.4f1\Editor\Unity.exe
-adb2
-batchMode
-noUpm
-name
AssetImportWorker0
-projectPath
D:/Разработка Игр/!!! 2 Четверь/3 курс - стратегия/Strategy
-logFile
Logs/AssetImportWorker0.log
-srvPort
57432
Successfully changed project path to: D:/Разработка Игр/!!! 2 Четверь/3 курс - стратегия/Strategy
D:/Разработка Игр/!!! 2 Четверь/3 курс - стратегия/Strategy
[UnityMemory] Configuration Parameters - Can be set up in boot.config
    "memorysetup-bucket-allocator-granularity=16"
    "memorysetup-bucket-allocator-bucket-count=8"
    "memorysetup-bucket-allocator-block-size=33554432"
    "memorysetup-bucket-allocator-block-count=8"
    "memorysetup-main-allocator-block-size=16777216"
    "memorysetup-thread-allocator-block-size=16777216"
    "memorysetup-gfx-main-allocator-block-size=16777216"
    "memorysetup-gfx-thread-allocator-block-size=16777216"
    "memorysetup-cache-allocator-block-size=4194304"
    "memorysetup-typetree-allocator-block-size=2097152"
    "memorysetup-profiler-bucket-allocator-granularity=16"
    "memorysetup-profiler-bucket-allocator-bucket-count=8"
    "memorysetup-profiler-bucket-allocator-block-size=33554432"
    "memorysetup-profiler-bucket-allocator-block-count=8"
    "memorysetup-profiler-allocator-block-size=16777216"
    "memorysetup-profiler-editor-allocator-block-size=1048576"
    "memorysetup-temp-allocator-size-main=16777216"
    "memorysetup-job-temp-allocator-block-size=2097152"
    "memorysetup-job-temp-allocator-block-size-background=1048576"
    "memorysetup-job-temp-allocator-reduction-small-platforms=262144"
    "memorysetup-temp-allocator-size-background-worker=32768"
    "memorysetup-temp-allocator-size-job-worker=262144"
    "memorysetup-temp-allocator-size-preload-manager=33554432"
    "memorysetup-temp-allocator-size-nav-mesh-worker=65536"
    "memorysetup-temp-allocator-size-audio-worker=65536"
    "memorysetup-temp-allocator-size-cloud-worker=32768"
    "memorysetup-temp-allocator-size-gi-baking-worker=262144"
    "memorysetup-temp-allocator-size-gfx=262144"
Refreshing native plugins compatible for Editor in 117.39 ms, found 3 plugins.
Preloading 0 native plugins for Editor in 0.00 ms.
Initialize engine version: 2021.3.4f1 (cb45f9cae8b7)
[Subsystems] Discovering subsystems at path C:/Program Files/Unity 2021.3.4f1/Editor/Data/Resources/UnitySubsystems
[Subsystems] Discovering subsystems at path D:/Разработка Игр/!!! 2 Четверь/3 курс - стратегия/Strategy/Assets
GfxDevice: creating device client; threaded=0; jobified=0
Direct3D:
    Version:  Direct3D 11.0 [level 11.1]
    Renderer: Radeon RX 570 Series (ID=0x67df)
    Vendor:   ATI
    VRAM:     4074 MB
    Driver:   31.0.12027.7000
Initialize mono
Mono path[0] = 'C:/Program Files/Unity 2021.3.4f1/Editor/Data/Managed'
Mono path[1] = 'C:/Program Files/Unity 2021.3.4f1/Editor/Data/MonoBleedingEdge/lib/mono/unityjit-win32'
Mono config path = 'C:/Program Files/Unity 2021.3.4f1/Editor/Data/MonoBleedingEdge/etc'
Using monoOptions --debugger-agent=transport=dt_socket,embedding=1,server=y,suspend=n,address=127.0.0.1:56856
Begin MonoManager ReloadAssembly
Registering precompiled unity dll's ...
Register platform support module: C:/Program Files/Unity 2021.3.4f1/Editor/Data/PlaybackEngines/WindowsStandaloneSupport/UnityEditor.WindowsStandalone.Extensions.dll
Registered in 0.006326 seconds.
Native extension for WindowsStandalone target not found
Refreshing native plugins compatible for Editor in 120.24 ms, found 3 plugins.
Preloading 0 native plugins for Editor in 0.00 ms.
Mono: successfully reloaded assembly
- Completed reload, in  0.867 seconds
Domain Reload Profiling:
	ReloadAssembly (868ms)
		BeginReloadAssembly (103ms)
			ExecutionOrderSort (0ms)
			DisableScriptedObjects (0ms)
			BackupInstance (0ms)
			ReleaseScriptingObjects (0ms)
			CreateAndSetChildDomain (1ms)
		EndReloadAssembly (610ms)
			LoadAssemblies (101ms)
			RebuildTransferFunctionScriptingTraits (0ms)
			SetupTypeCache (147ms)
			ReleaseScriptCaches (0ms)
			RebuildScriptCaches (35ms)
			SetupLoadedEditorAssemblies (358ms)
				LogAssemblyErrors (0ms)
				InitializePlatformSupportModulesInManaged (10ms)
				SetLoadedEditorAssemblies (0ms)
				RefreshPlugins (120ms)
				BeforeProcessingInitializeOnLoad (2ms)
				ProcessInitializeOnLoadAttributes (166ms)
				ProcessInitializeOnLoadMethodAttributes (60ms)
				AfterProcessingInitializeOnLoad (0ms)
				EditorAssembliesLoaded (0ms)
			ExecutionOrderSort2 (0ms)
			AwakeInstancesAfterBackupRestoration (0ms)
Platform modules already initialized, skipping
Registering precompiled user dll's ...
Registered in 0.005417 seconds.
Begin MonoManager ReloadAssembly
Symbol file LoadedFromMemory doesn't match image D:\Разработка Игр\!!! 2 Четверь\3 курс - стратегия\Strategy\Library\PackageCache\com.unity.visualscripting@1.7.8\Editor\VisualScripting.Core\Dependencies\YamlDotNet\Unity.VisualScripting.YamlDotNet.dll
Symbol file LoadedFromMemory doesn't match image D:\Разработка Игр\!!! 2 Четверь\3 курс - стратегия\Strategy\Library\PackageCache\com.unity.visualscripting@1.7.8\Editor\VisualScripting.Core\Dependencies\DotNetZip\Unity.VisualScripting.IonicZip.dll
Native extension for WindowsStandalone target not found
Refreshing native plugins compatible for Editor in 0.83 ms, found 3 plugins.
Preloading 0 native plugins for Editor in 0.00 ms.
Mono: successfully reloaded assembly
- Completed reload, in  1.736 seconds
Domain Reload Profiling:
	ReloadAssembly (1737ms)
		BeginReloadAssembly (155ms)
			ExecutionOrderSort (0ms)
			DisableScriptedObjects (8ms)
			BackupInstance (0ms)
			ReleaseScriptingObjects (0ms)
			CreateAndSetChildDomain (24ms)
		EndReloadAssembly (1426ms)
			LoadAssemblies (401ms)
			RebuildTransferFunctionScriptingTraits (0ms)
			SetupTypeCache (394ms)
			ReleaseScriptCaches (1ms)
			RebuildScriptCaches (65ms)
			SetupLoadedEditorAssemblies (521ms)
				LogAssemblyErrors (0ms)
				InitializePlatformSupportModulesInManaged (7ms)
				SetLoadedEditorAssemblies (1ms)
				RefreshPlugins (1ms)
				BeforeProcessingInitializeOnLoad (122ms)
				ProcessInitializeOnLoadAttributes (342ms)
				ProcessInitializeOnLoadMethodAttributes (37ms)
				AfterProcessingInitializeOnLoad (10ms)
				EditorAssembliesLoaded (0ms)
			ExecutionOrderSort2 (0ms)
			AwakeInstancesAfterBackupRestoration (9ms)
Platform modules already initialized, skipping
========================================================================
Worker process is ready to serve import requests
Launched and connected shader compiler UnityShaderCompiler.exe after 0.07 seconds
Refreshing native plugins compatible for Editor in 1.41 ms, found 3 plugins.
Preloading 0 native plugins for Editor in 0.00 ms.
Unloading 3438 Unused Serialized files (Serialized files now loaded: 0)
Unloading 27 unused Assets / (113.8 KB). Loaded Objects now: 3898.
Memory consumption went from 129.7 MB to 129.6 MB.
Total: 3.751500 ms (FindLiveObjects: 0.360000 ms CreateObjectMapping: 0.181500 ms MarkObjects: 3.057700 ms  DeleteObjects: 0.151400 ms)

AssetImportParameters requested are different than current active one (requested -> active):
  custom:video-decoder-ogg-theora: a1e56fd34408186e4bbccfd4996cb3dc -> 
  custom:container-muxer-webm: aa71ff27fc2769a1b78a27578f13a17b -> 
  custom:container-demuxer-webm: 4f35f7cbe854078d1ac9338744f61a02 -> 
  custom:video-encoder-webm-vp8: eb34c28f22e8b96e1ab97ce403110664 -> 
  custom:audio-encoder-webm-vorbis: bf7c407c2cedff20999df2af8eb42d56 -> 
  custom:framework-win-MediaFoundation: 216162199b28c13a410421893ffa2e32 -> 
  custom:container-demuxer-ogg: 62fdf1f143b41e24485cea50d1cbac27 -> 
  custom:video-decoder-webm-vp8: 9c59270c3fd7afecdb556c50c9e8de78 -> 
  custom:audio-decoder-ogg-vorbis: bf7c407c2cedff20999df2af8eb42d56 -> 
========================================================================
Received Import Request.
  Time since last request: 1832806.803695 seconds.
  path: Assets/Script/UserControlSystem/OutlineSelector.cs
  artifactKey: Guid(02251c31e1777d34c888f3591130a588) Importer(815301076,1909f56bfc062723c751e8b465ee728b)
Start importing Assets/Script/UserControlSystem/OutlineSelector.cs using Guid(02251c31e1777d34c888f3591130a588) Importer(815301076,1909f56bfc062723c751e8b465ee728b)  -> (artifact id: 'db91362eb59a326715a7dbdc2775dbe1') in 0.064220 seconds 
========================================================================
Received Import Request.
  Time since last request: 270.961194 seconds.
  path: Assets/Script/Core/MainBuilding.cs
  artifactKey: Guid(8d1b4085ae98e0e44ad1a8ba7d9289dc) Importer(815301076,1909f56bfc062723c751e8b465ee728b)
Start importing Assets/Script/Core/MainBuilding.cs using Guid(8d1b4085ae98e0e44ad1a8ba7d9289dc) Importer(815301076,1909f56bfc062723c751e8b465ee728b)  -> (artifact id: 'b4ad95c548fd2edc49dbf1e63293db19') in 0.001575 seconds 
========================================================================
Received Import Request.
  Time since last request: 567.016023 seconds.
  path: Assets/Script/UserControlSystem/UI
  artifactKey: Guid(ab07caeb04c588e4288f480e49349574) Importer(815301076,1909f56bfc062723c751e8b465ee728b)
Start importing Assets/Script/UserControlSystem/UI using Guid(ab07caeb04c588e4288f480e49349574) Importer(815301076,1909f56bfc062723c751e8b465ee728b)  -> (artifact id: 'df0ad89c180105f9861c58dbcf5d6f92') in 0.002680 seconds 
========================================================================
Received Import Request.
  Time since last request: 12.915951 seconds.
  path: Assets/Script/UserControlSystem/UI/Presenter
  artifactKey: Guid(6898213e9321fdd409a4d5b39abe0d69) Importer(815301076,1909f56bfc062723c751e8b465ee728b)
Start importing Assets/Script/UserControlSystem/UI/Presenter using Guid(6898213e9321fdd409a4d5b39abe0d69) Importer(815301076,1909f56bfc062723c751e8b465ee728b)  -> (artifact id: 'e075de1402fe850df303a4a5ba707bd4') in 0.005568 seconds 
========================================================================
Received Import Request.
  Time since last request: 31.535270 seconds.
  path: Assets/Script/UserControlSystem/UI/Presenter/UIPresenter.asmdef
  artifactKey: Guid(2e1d3db1fca252e4e9ef4b4f2d33c6bd) Importer(815301076,1909f56bfc062723c751e8b465ee728b)
Start importing Assets/Script/UserControlSystem/UI/Presenter/UIPresenter.asmdef using Guid(2e1d3db1fca252e4e9ef4b4f2d33c6bd) Importer(815301076,1909f56bfc062723c751e8b465ee728b)  -> (artifact id: 'af864f21ba455d171d783f9a8365c4dd') in 0.009632 seconds 
========================================================================
Received Import Request.
  Time since last request: 32.743531 seconds.
  path: Assets/Script/UserControlSystem/UI/Presenter/UIPresenter.asmdef
  artifactKey: Guid(2e1d3db1fca252e4e9ef4b4f2d33c6bd) Importer(815301076,1909f56bfc062723c751e8b465ee728b)
Start importing Assets/Script/UserControlSystem/UI/Presenter/UIPresenter.asmdef using Guid(2e1d3db1fca252e4e9ef4b4f2d33c6bd) Importer(815301076,1909f56bfc062723c751e8b465ee728b)  -> (artifact id: '1a0cb48263e7b1280dffc15bad7fcf09') in 0.001233 seconds 
========================================================================
Received Import Request.
  Time since last request: 24.471196 seconds.
  path: Assets/Script/UserControlSystem/SelectableValue.cs
  artifactKey: Guid(d0dddd6df195c58469f3dc90186a8aef) Importer(815301076,1909f56bfc062723c751e8b465ee728b)
Start importing Assets/Script/UserControlSystem/SelectableValue.cs using Guid(d0dddd6df195c58469f3dc90186a8aef) Importer(815301076,1909f56bfc062723c751e8b465ee728b)  -> (artifact id: '3f55cd2efbbb925d74a3ef9633c836fa') in 0.001510 seconds 
========================================================================
Received Import Request.
  Time since last request: 18.198511 seconds.
  path: Packages/com.unity.ugui/Editor/UnityEditor.UI.asmdef
  artifactKey: Guid(343deaaf83e0cee4ca978e7df0b80d21) Importer(815301076,1909f56bfc062723c751e8b465ee728b)
Start importing Packages/com.unity.ugui/Editor/UnityEditor.UI.asmdef using Guid(343deaaf83e0cee4ca978e7df0b80d21) Importer(815301076,1909f56bfc062723c751e8b465ee728b)  -> (artifact id: '884bbb89599a2f00ece4b292cf140055') in 0.002456 seconds 
========================================================================
Received Import Request.
  Time since last request: 138.497145 seconds.
  path: Assets/Script/UserControlSystem/UserControlSystem.asmdef
  artifactKey: Guid(23fdc2ec16fd3944f9276a0d8d2d0c98) Importer(815301076,1909f56bfc062723c751e8b465ee728b)
Start importing Assets/Script/UserControlSystem/UserControlSystem.asmdef using Guid(23fdc2ec16fd3944f9276a0d8d2d0c98) Importer(815301076,1909f56bfc062723c751e8b465ee728b)  -> (artifact id: '44665624c9ad2cb23f187826d672dec1') in 0.001846 seconds 
========================================================================
Received Import Request.
  Time since last request: 49.403855 seconds.
  path: Assets/Script/UserControlSystem/UserControlSystem.asmdef
  artifactKey: Guid(23fdc2ec16fd3944f9276a0d8d2d0c98) Importer(815301076,1909f56bfc062723c751e8b465ee728b)
Start importing Assets/Script/UserControlSystem/UserControlSystem.asmdef using Guid(23fdc2ec16fd3944f9276a0d8d2d0c98) Importer(815301076,1909f56bfc062723c751e8b465ee728b)  -> (artifact id: '7553427dd47906e85803bc29cc3230d6') in 0.001358 seconds 
========================================================================
Received Import Request.
  Time since last request: 41.278269 seconds.
  path: Assets/Script/UserControlSystem/UI/Presenter/UIPresenter.asmdef
  artifactKey: Guid(2e1d3db1fca252e4e9ef4b4f2d33c6bd) Importer(815301076,1909f56bfc062723c751e8b465ee728b)
Start importing Assets/Script/UserControlSystem/UI/Presenter/UIPresenter.asmdef using Guid(2e1d3db1fca252e4e9ef4b4f2d33c6bd) Importer(815301076,1909f56bfc062723c751e8b465ee728b)  -> (artifact id: 'c52c2445ce3dacc36bcee909bc8a2dee') in 0.002186 seconds 
========================================================================
Received Import Request.
  Time since last request: 202.524189 seconds.
  path: Assets/Script/UserControlSystem/UI/Presenter/MouseInteractionsHandler.cs
  artifactKey: Guid(8c36beaea4f1a3145aae18b2f703a796) Importer(815301076,1909f56bfc062723c751e8b465ee728b)
Start importing Assets/Script/UserControlSystem/UI/Presenter/MouseInteractionsHandler.cs using Guid(8c36beaea4f1a3145aae18b2f703a796) Importer(815301076,1909f56bfc062723c751e8b465ee728b)  -> (artifact id: 'f0ca4561c14453f95b54cb147e38a8e7') in 0.001472 seconds 
========================================================================
Received Import Request.
  Time since last request: 0.376951 seconds.
  path: Assets/Script/UserControlSystem/UI/Presenter/BottomLeftUI.cs
  artifactKey: Guid(7e5a364a5ddea9c45aa6677098b35b4a) Importer(815301076,1909f56bfc062723c751e8b465ee728b)
Start importing Assets/Script/UserControlSystem/UI/Presenter/BottomLeftUI.cs using Guid(7e5a364a5ddea9c45aa6677098b35b4a) Importer(815301076,1909f56bfc062723c751e8b465ee728b)  -> (artifact id: '2382f9cfba2711a971366b0089eacdc6') in 0.001458 seconds 
========================================================================
Received Import Request.
  Time since last request: 319.800362 seconds.
  path: Assets/Script/UserControlSystem/UI/Model
  artifactKey: Guid(00191c0d12a06e74a8f45142fbc80c3c) Importer(815301076,1909f56bfc062723c751e8b465ee728b)
Start importing Assets/Script/UserControlSystem/UI/Model using Guid(00191c0d12a06e74a8f45142fbc80c3c) Importer(815301076,1909f56bfc062723c751e8b465ee728b)  -> (artifact id: '0bbf1fc86b50f7704843943d3fd5f7ed') in 0.002224 seconds 
========================================================================
Received Import Request.
  Time since last request: 4.295103 seconds.
  path: Assets/Script/UserControlSystem/UI/NewBehaviourScript.cs
  artifactKey: Guid(d56d4bd31cf99a844b771ca070270d61) Importer(815301076,1909f56bfc062723c751e8b465ee728b)
Start importing Assets/Script/UserControlSystem/UI/NewBehaviourScript.cs using Guid(d56d4bd31cf99a844b771ca070270d61) Importer(815301076,1909f56bfc062723c751e8b465ee728b)  -> (artifact id: '336c1ee1ffc97cec10cffe280d6c20e2') in 0.002557 seconds 
========================================================================
Received Import Request.
  Time since last request: 14.426217 seconds.
  path: Assets/Script/UserControlSystem/UI/View
  artifactKey: Guid(1f396e20c48311e41836c577de594469) Importer(815301076,1909f56bfc062723c751e8b465ee728b)
Start importing Assets/Script/UserControlSystem/UI/View using Guid(1f396e20c48311e41836c577de594469) Importer(815301076,1909f56bfc062723c751e8b465ee728b)  -> (artifact id: 'c13f5c62563fbbd1fe71cc1abf6462d3') in 0.001545 seconds 
========================================================================
Received Import Request.
  Time since last request: 81.921946 seconds.
  path: Assets/Script/UserControlSystem/UI/View/UIView.asmdef
  artifactKey: Guid(b35b102e5c35b114b88b2a26b050b750) Importer(815301076,1909f56bfc062723c751e8b465ee728b)
Start importing Assets/Script/UserControlSystem/UI/View/UIView.asmdef using Guid(b35b102e5c35b114b88b2a26b050b750) Importer(815301076,1909f56bfc062723c751e8b465ee728b)  -> (artifact id: '053a08f1278dfebea38216c252c2c822') in 0.001487 seconds 
========================================================================
Received Import Request.
  Time since last request: 67.373186 seconds.
  path: Assets/Script/UserControlSystem/UI/Presenter/UIPresenter.asmdef
  artifactKey: Guid(2e1d3db1fca252e4e9ef4b4f2d33c6bd) Importer(815301076,1909f56bfc062723c751e8b465ee728b)
Start importing Assets/Script/UserControlSystem/UI/Presenter/UIPresenter.asmdef using Guid(2e1d3db1fca252e4e9ef4b4f2d33c6bd) Importer(815301076,1909f56bfc062723c751e8b465ee728b)  -> (artifact id: '648a6c4c86760a812f3fb7e5b3f8566c') in 0.001479 seconds 
========================================================================
Received Import Request.
  Time since last request: 26.234860 seconds.
  path: Assets/Script/UserControlSystem/UserControlSystem.asmdef
  artifactKey: Guid(23fdc2ec16fd3944f9276a0d8d2d0c98) Importer(815301076,1909f56bfc062723c751e8b465ee728b)
Start importing Assets/Script/UserControlSystem/UserControlSystem.asmdef using Guid(23fdc2ec16fd3944f9276a0d8d2d0c98) Importer(815301076,1909f56bfc062723c751e8b465ee728b)  -> (artifact id: '68e2ced32e092f389abc7d999d80d1b5') in 0.001354 seconds 
========================================================================
Received Import Request.
  Time since last request: 48.033316 seconds.
  path: Assets/Script/UserControlSystem/UI/View/UIView.asmdef
  artifactKey: Guid(b35b102e5c35b114b88b2a26b050b750) Importer(815301076,1909f56bfc062723c751e8b465ee728b)
Start importing Assets/Script/UserControlSystem/UI/View/UIView.asmdef using Guid(b35b102e5c35b114b88b2a26b050b750) Importer(815301076,1909f56bfc062723c751e8b465ee728b)  -> (artifact id: '4a96447d8a76be3dabfa89ef2c08d6e7') in 0.001405 seconds 
========================================================================
Received Import Request.
  Time since last request: 36.921394 seconds.
  path: Assets/Script/UserControlSystem/UI/View/UIView.asmdef
  artifactKey: Guid(b35b102e5c35b114b88b2a26b050b750) Importer(815301076,1909f56bfc062723c751e8b465ee728b)
Start importing Assets/Script/UserControlSystem/UI/View/UIView.asmdef using Guid(b35b102e5c35b114b88b2a26b050b750) Importer(815301076,1909f56bfc062723c751e8b465ee728b)  -> (artifact id: '437839ff4ea4ab9f4e06768ad8a0192d') in 0.001376 seconds 
========================================================================
Received Import Request.
  Time since last request: 64.267928 seconds.
  path: Assets/Script/UserControlSystem/UI/View/UIView.asmdef
  artifactKey: Guid(b35b102e5c35b114b88b2a26b050b750) Importer(815301076,1909f56bfc062723c751e8b465ee728b)
Start importing Assets/Script/UserControlSystem/UI/View/UIView.asmdef using Guid(b35b102e5c35b114b88b2a26b050b750) Importer(815301076,1909f56bfc062723c751e8b465ee728b)  -> (artifact id: 'db0939d2d152d5fde143d1bcb9a0f7ef') in 0.001356 seconds 
========================================================================
Received Import Request.
  Time since last request: 333.744046 seconds.
  path: Assets/Script/UserControlSystem/UI/Model/UIModel.asmdef
  artifactKey: Guid(8ebf94ce814b214429b900ff3a9bc7d4) Importer(815301076,1909f56bfc062723c751e8b465ee728b)
Start importing Assets/Script/UserControlSystem/UI/Model/UIModel.asmdef using Guid(8ebf94ce814b214429b900ff3a9bc7d4) Importer(815301076,1909f56bfc062723c751e8b465ee728b)  -> (artifact id: 'f381f5c8e3ab0855ee83c84abc3daa24') in 0.018238 seconds 
========================================================================
Received Import Request.
  Time since last request: 26.926731 seconds.
  path: Assets/Script/UserControlSystem/UI/Presenter/UIPresenter.asmdef
  artifactKey: Guid(2e1d3db1fca252e4e9ef4b4f2d33c6bd) Importer(815301076,1909f56bfc062723c751e8b465ee728b)
Start importing Assets/Script/UserControlSystem/UI/Presenter/UIPresenter.asmdef using Guid(2e1d3db1fca252e4e9ef4b4f2d33c6bd) Importer(815301076,1909f56bfc062723c751e8b465ee728b)  -> (artifact id: '8f1787d52805b4820da39ea411534caf') in 0.001280 seconds 
========================================================================
Received Import Request.
  Time since last request: 39.478422 seconds.
  path: Assets/Script/UserControlSystem/UI/Model/UIModel.asmdef
  artifactKey: Guid(8ebf94ce814b214429b900ff3a9bc7d4) Importer(815301076,1909f56bfc062723c751e8b465ee728b)
Start importing Assets/Script/UserControlSystem/UI/Model/UIModel.asmdef using Guid(8ebf94ce814b214429b900ff3a9bc7d4) Importer(815301076,1909f56bfc062723c751e8b465ee728b)  -> (artifact id: 'fbc95069874e5be807195f635e7cf13d') in 0.001361 seconds 
========================================================================
Received Prepare
Registering precompiled user dll's ...
Registered in 0.007228 seconds.
Begin MonoManager ReloadAssembly
Symbol file LoadedFromMemory doesn't match image D:\Разработка Игр\!!! 2 Четверь\3 курс - стратегия\Strategy\Library\PackageCache\com.unity.visualscripting@1.7.8\Editor\VisualScripting.Core\Dependencies\YamlDotNet\Unity.VisualScripting.YamlDotNet.dll
Symbol file LoadedFromMemory doesn't match image D:\Разработка Игр\!!! 2 Четверь\3 курс - стратегия\Strategy\Library\PackageCache\com.unity.visualscripting@1.7.8\Editor\VisualScripting.Core\Dependencies\DotNetZip\Unity.VisualScripting.IonicZip.dll
Native extension for WindowsStandalone target not found
Refreshing native plugins compatible for Editor in 0.67 ms, found 3 plugins.
Preloading 0 native plugins for Editor in 0.00 ms.
Mono: successfully reloaded assembly
- Completed reload, in  1.338 seconds
Domain Reload Profiling:
	ReloadAssembly (1340ms)
		BeginReloadAssembly (208ms)
			ExecutionOrderSort (0ms)
			DisableScriptedObjects (8ms)
			BackupInstance (0ms)
			ReleaseScriptingObjects (0ms)
			CreateAndSetChildDomain (71ms)
		EndReloadAssembly (995ms)
			LoadAssemblies (149ms)
			RebuildTransferFunctionScriptingTraits (0ms)
			SetupTypeCache (351ms)
			ReleaseScriptCaches (1ms)
			RebuildScriptCaches (51ms)
			SetupLoadedEditorAssemblies (404ms)
				LogAssemblyErrors (0ms)
				InitializePlatformSupportModulesInManaged (16ms)
				SetLoadedEditorAssemblies (1ms)
				RefreshPlugins (1ms)
				BeforeProcessingInitializeOnLoad (84ms)
				ProcessInitializeOnLoadAttributes (254ms)
				ProcessInitializeOnLoadMethodAttributes (40ms)
				AfterProcessingInitializeOnLoad (10ms)
				EditorAssembliesLoaded (0ms)
			ExecutionOrderSort2 (0ms)
			AwakeInstancesAfterBackupRestoration (8ms)
Platform modules already initialized, skipping
Refreshing native plugins compatible for Editor in 2.02 ms, found 3 plugins.
Preloading 0 native plugins for Editor in 0.00 ms.
Unloading 3406 Unused Serialized files (Serialized files now loaded: 0)
Unloading 21 unused Assets / (81.9 KB). Loaded Objects now: 3900.
Memory consumption went from 127.2 MB to 127.2 MB.
Total: 3.656100 ms (FindLiveObjects: 0.315000 ms CreateObjectMapping: 0.149500 ms MarkObjects: 3.062200 ms  DeleteObjects: 0.128300 ms)

AssetImportParameters requested are different than current active one (requested -> active):
  custom:video-decoder-ogg-theora: a1e56fd34408186e4bbccfd4996cb3dc -> 
  custom:container-muxer-webm: aa71ff27fc2769a1b78a27578f13a17b -> 
  custom:container-demuxer-webm: 4f35f7cbe854078d1ac9338744f61a02 -> 
  custom:video-encoder-webm-vp8: eb34c28f22e8b96e1ab97ce403110664 -> 
  custom:audio-encoder-webm-vorbis: bf7c407c2cedff20999df2af8eb42d56 -> 
  custom:framework-win-MediaFoundation: 216162199b28c13a410421893ffa2e32 -> 
  custom:container-demuxer-ogg: 62fdf1f143b41e24485cea50d1cbac27 -> 
  custom:video-decoder-webm-vp8: 9c59270c3fd7afecdb556c50c9e8de78 -> 
  custom:audio-decoder-ogg-vorbis: bf7c407c2cedff20999df2af8eb42d56 -> 
========================================================================
Received Prepare
Registering precompiled user dll's ...
Registered in 0.004886 seconds.
Begin MonoManager ReloadAssembly
Symbol file LoadedFromMemory doesn't match image D:\Разработка Игр\!!! 2 Четверь\3 курс - стратегия\Strategy\Library\PackageCache\com.unity.visualscripting@1.7.8\Editor\VisualScripting.Core\Dependencies\YamlDotNet\Unity.VisualScripting.YamlDotNet.dll
Symbol file LoadedFromMemory doesn't match image D:\Разработка Игр\!!! 2 Четверь\3 курс - стратегия\Strategy\Library\PackageCache\com.unity.visualscripting@1.7.8\Editor\VisualScripting.Core\Dependencies\DotNetZip\Unity.VisualScripting.IonicZip.dll
Native extension for WindowsStandalone target not found
Refreshing native plugins compatible for Editor in 1.28 ms, found 3 plugins.
Preloading 0 native plugins for Editor in 0.00 ms.
Mono: successfully reloaded assembly
- Completed reload, in  1.346 seconds
Domain Reload Profiling:
	ReloadAssembly (1347ms)
		BeginReloadAssembly (190ms)
			ExecutionOrderSort (0ms)
			DisableScriptedObjects (7ms)
			BackupInstance (0ms)
			ReleaseScriptingObjects (0ms)
			CreateAndSetChildDomain (51ms)
		EndReloadAssembly (1024ms)
			LoadAssemblies (120ms)
			RebuildTransferFunctionScriptingTraits (0ms)
			SetupTypeCache (342ms)
			ReleaseScriptCaches (1ms)
			RebuildScriptCaches (54ms)
			SetupLoadedEditorAssemblies (459ms)
				LogAssemblyErrors (0ms)
				InitializePlatformSupportModulesInManaged (18ms)
				SetLoadedEditorAssemblies (1ms)
				RefreshPlugins (1ms)
				BeforeProcessingInitializeOnLoad (98ms)
				ProcessInitializeOnLoadAttributes (291ms)
				ProcessInitializeOnLoadMethodAttributes (38ms)
				AfterProcessingInitializeOnLoad (13ms)
				EditorAssembliesLoaded (0ms)
			ExecutionOrderSort2 (0ms)
			AwakeInstancesAfterBackupRestoration (9ms)
Platform modules already initialized, skipping
Refreshing native plugins compatible for Editor in 2.16 ms, found 3 plugins.
Preloading 0 native plugins for Editor in 0.00 ms.
Unloading 3406 Unused Serialized files (Serialized files now loaded: 0)
Unloading 20 unused Assets / (81.8 KB). Loaded Objects now: 3903.
Memory consumption went from 127.2 MB to 127.2 MB.
Total: 4.309400 ms (FindLiveObjects: 0.326700 ms CreateObjectMapping: 0.139500 ms MarkObjects: 3.694100 ms  DeleteObjects: 0.147900 ms)

AssetImportParameters requested are different than current active one (requested -> active):
  custom:video-decoder-ogg-theora: a1e56fd34408186e4bbccfd4996cb3dc -> 
  custom:container-muxer-webm: aa71ff27fc2769a1b78a27578f13a17b -> 
  custom:container-demuxer-webm: 4f35f7cbe854078d1ac9338744f61a02 -> 
  custom:video-encoder-webm-vp8: eb34c28f22e8b96e1ab97ce403110664 -> 
  custom:audio-encoder-webm-vorbis: bf7c407c2cedff20999df2af8eb42d56 -> 
  custom:framework-win-MediaFoundation: 216162199b28c13a410421893ffa2e32 -> 
  custom:container-demuxer-ogg: 62fdf1f143b41e24485cea50d1cbac27 -> 
  custom:video-decoder-webm-vp8: 9c59270c3fd7afecdb556c50c9e8de78 -> 
  custom:audio-decoder-ogg-vorbis: bf7c407c2cedff20999df2af8eb42d56 -> 
========================================================================
Received Prepare
Registering precompiled user dll's ...
Registered in 0.004976 seconds.
Begin MonoManager ReloadAssembly
Symbol file LoadedFromMemory doesn't match image D:\Разработка Игр\!!! 2 Четверь\3 курс - стратегия\Strategy\Library\PackageCache\com.unity.visualscripting@1.7.8\Editor\VisualScripting.Core\Dependencies\YamlDotNet\Unity.VisualScripting.YamlDotNet.dll
Symbol file LoadedFromMemory doesn't match image D:\Разработка Игр\!!! 2 Четверь\3 курс - стратегия\Strategy\Library\PackageCache\com.unity.visualscripting@1.7.8\Editor\VisualScripting.Core\Dependencies\DotNetZip\Unity.VisualScripting.IonicZip.dll
Native extension for WindowsStandalone target not found
Refreshing native plugins compatible for Editor in 0.80 ms, found 3 plugins.
Preloading 0 native plugins for Editor in 0.00 ms.
Mono: successfully reloaded assembly
- Completed reload, in  1.237 seconds
Domain Reload Profiling:
	ReloadAssembly (1238ms)
		BeginReloadAssembly (177ms)
			ExecutionOrderSort (0ms)
			DisableScriptedObjects (11ms)
			BackupInstance (0ms)
			ReleaseScriptingObjects (0ms)
			CreateAndSetChildDomain (48ms)
		EndReloadAssembly (929ms)
			LoadAssemblies (109ms)
			RebuildTransferFunctionScriptingTraits (0ms)
			SetupTypeCache (327ms)
			ReleaseScriptCaches (1ms)
			RebuildScriptCaches (48ms)
			SetupLoadedEditorAssemblies (401ms)
				LogAssemblyErrors (0ms)
				InitializePlatformSupportModulesInManaged (16ms)
				SetLoadedEditorAssemblies (1ms)
				RefreshPlugins (1ms)
				BeforeProcessingInitializeOnLoad (85ms)
				ProcessInitializeOnLoadAttributes (254ms)
				ProcessInitializeOnLoadMethodAttributes (34ms)
				AfterProcessingInitializeOnLoad (10ms)
				EditorAssembliesLoaded (0ms)
			ExecutionOrderSort2 (0ms)
			AwakeInstancesAfterBackupRestoration (8ms)
Platform modules already initialized, skipping
Refreshing native plugins compatible for Editor in 1.92 ms, found 3 plugins.
Preloading 0 native plugins for Editor in 0.00 ms.
Unloading 3406 Unused Serialized files (Serialized files now loaded: 0)
Unloading 20 unused Assets / (81.9 KB). Loaded Objects now: 3906.
Memory consumption went from 127.2 MB to 127.1 MB.
Total: 3.276000 ms (FindLiveObjects: 0.297000 ms CreateObjectMapping: 0.134900 ms MarkObjects: 2.735500 ms  DeleteObjects: 0.107400 ms)

AssetImportParameters requested are different than current active one (requested -> active):
  custom:video-decoder-ogg-theora: a1e56fd34408186e4bbccfd4996cb3dc -> 
  custom:container-muxer-webm: aa71ff27fc2769a1b78a27578f13a17b -> 
  custom:container-demuxer-webm: 4f35f7cbe854078d1ac9338744f61a02 -> 
  custom:video-encoder-webm-vp8: eb34c28f22e8b96e1ab97ce403110664 -> 
  custom:audio-encoder-webm-vorbis: bf7c407c2cedff20999df2af8eb42d56 -> 
  custom:framework-win-MediaFoundation: 216162199b28c13a410421893ffa2e32 -> 
  custom:container-demuxer-ogg: 62fdf1f143b41e24485cea50d1cbac27 -> 
  custom:video-decoder-webm-vp8: 9c59270c3fd7afecdb556c50c9e8de78 -> 
  custom:audio-decoder-ogg-vorbis: bf7c407c2cedff20999df2af8eb42d56 -> 
========================================================================
Received Prepare
Registering precompiled user dll's ...
Registered in 0.005252 seconds.
Begin MonoManager ReloadAssembly
Symbol file LoadedFromMemory doesn't match image D:\Разработка Игр\!!! 2 Четверь\3 курс - стратегия\Strategy\Library\PackageCache\com.unity.visualscripting@1.7.8\Editor\VisualScripting.Core\Dependencies\YamlDotNet\Unity.VisualScripting.YamlDotNet.dll
Symbol file LoadedFromMemory doesn't match image D:\Разработка Игр\!!! 2 Четверь\3 курс - стратегия\Strategy\Library\PackageCache\com.unity.visualscripting@1.7.8\Editor\VisualScripting.Core\Dependencies\DotNetZip\Unity.VisualScripting.IonicZip.dll
Native extension for WindowsStandalone target not found
Refreshing native plugins compatible for Editor in 0.80 ms, found 3 plugins.
Preloading 0 native plugins for Editor in 0.00 ms.
Mono: successfully reloaded assembly
- Completed reload, in  1.333 seconds
Domain Reload Profiling:
	ReloadAssembly (1334ms)
		BeginReloadAssembly (168ms)
			ExecutionOrderSort (0ms)
			DisableScriptedObjects (7ms)
			BackupInstance (0ms)
			ReleaseScriptingObjects (0ms)
			CreateAndSetChildDomain (43ms)
		EndReloadAssembly (1027ms)
			LoadAssemblies (111ms)
			RebuildTransferFunctionScriptingTraits (0ms)
			SetupTypeCache (348ms)
			ReleaseScriptCaches (2ms)
			RebuildScriptCaches (56ms)
			SetupLoadedEditorAssemblies (456ms)
				LogAssemblyErrors (0ms)
				InitializePlatformSupportModulesInManaged (16ms)
				SetLoadedEditorAssemblies (1ms)
				RefreshPlugins (1ms)
				BeforeProcessingInitializeOnLoad (100ms)
				ProcessInitializeOnLoadAttributes (286ms)
				ProcessInitializeOnLoadMethodAttributes (40ms)
				AfterProcessingInitializeOnLoad (12ms)
				EditorAssembliesLoaded (0ms)
			ExecutionOrderSort2 (0ms)
			AwakeInstancesAfterBackupRestoration (9ms)
Platform modules already initialized, skipping
Refreshing native plugins compatible for Editor in 2.11 ms, found 3 plugins.
Preloading 0 native plugins for Editor in 0.00 ms.
Unloading 3406 Unused Serialized files (Serialized files now loaded: 0)
Unloading 20 unused Assets / (81.9 KB). Loaded Objects now: 3909.
Memory consumption went from 127.3 MB to 127.2 MB.
Total: 4.486600 ms (FindLiveObjects: 0.310400 ms CreateObjectMapping: 0.137500 ms MarkObjects: 3.920200 ms  DeleteObjects: 0.117300 ms)

AssetImportParameters requested are different than current active one (requested -> active):
  custom:video-decoder-ogg-theora: a1e56fd34408186e4bbccfd4996cb3dc -> 
  custom:container-muxer-webm: aa71ff27fc2769a1b78a27578f13a17b -> 
  custom:container-demuxer-webm: 4f35f7cbe854078d1ac9338744f61a02 -> 
  custom:video-encoder-webm-vp8: eb34c28f22e8b96e1ab97ce403110664 -> 
  custom:audio-encoder-webm-vorbis: bf7c407c2cedff20999df2af8eb42d56 -> 
  custom:framework-win-MediaFoundation: 216162199b28c13a410421893ffa2e32 -> 
  custom:container-demuxer-ogg: 62fdf1f143b41e24485cea50d1cbac27 -> 
  custom:video-decoder-webm-vp8: 9c59270c3fd7afecdb556c50c9e8de78 -> 
  custom:audio-decoder-ogg-vorbis: bf7c407c2cedff20999df2af8eb42d56 -> 
========================================================================
Received Prepare
Registering precompiled user dll's ...
Registered in 0.007952 seconds.
Begin MonoManager ReloadAssembly
Symbol file LoadedFromMemory doesn't match image D:\Разработка Игр\!!! 2 Четверь\3 курс - стратегия\Strategy\Library\PackageCache\com.unity.visualscripting@1.7.8\Editor\VisualScripting.Core\Dependencies\YamlDotNet\Unity.VisualScripting.YamlDotNet.dll
Symbol file LoadedFromMemory doesn't match image D:\Разработка Игр\!!! 2 Четверь\3 курс - стратегия\Strategy\Library\PackageCache\com.unity.visualscripting@1.7.8\Editor\VisualScripting.Core\Dependencies\DotNetZip\Unity.VisualScripting.IonicZip.dll
Native extension for WindowsStandalone target not found
Refreshing native plugins compatible for Editor in 0.81 ms, found 3 plugins.
Preloading 0 native plugins for Editor in 0.00 ms.
Mono: successfully reloaded assembly
- Completed reload, in  1.301 seconds
Domain Reload Profiling:
	ReloadAssembly (1302ms)
		BeginReloadAssembly (168ms)
			ExecutionOrderSort (0ms)
			DisableScriptedObjects (7ms)
			BackupInstance (0ms)
			ReleaseScriptingObjects (0ms)
			CreateAndSetChildDomain (43ms)
		EndReloadAssembly (1011ms)
			LoadAssemblies (112ms)
			RebuildTransferFunctionScriptingTraits (0ms)
			SetupTypeCache (330ms)
			ReleaseScriptCaches (1ms)
			RebuildScriptCaches (54ms)
			SetupLoadedEditorAssemblies (452ms)
				LogAssemblyErrors (0ms)
				InitializePlatformSupportModulesInManaged (16ms)
				SetLoadedEditorAssemblies (1ms)
				RefreshPlugins (1ms)
				BeforeProcessingInitializeOnLoad (100ms)
				ProcessInitializeOnLoadAttributes (284ms)
				ProcessInitializeOnLoadMethodAttributes (39ms)
				AfterProcessingInitializeOnLoad (11ms)
				EditorAssembliesLoaded (0ms)
			ExecutionOrderSort2 (0ms)
			AwakeInstancesAfterBackupRestoration (9ms)
Platform modules already initialized, skipping
Refreshing native plugins compatible for Editor in 2.01 ms, found 3 plugins.
Preloading 0 native plugins for Editor in 0.00 ms.
Unloading 3406 Unused Serialized files (Serialized files now loaded: 0)
Unloading 20 unused Assets / (81.9 KB). Loaded Objects now: 3912.
Memory consumption went from 127.3 MB to 127.2 MB.
Total: 3.662000 ms (FindLiveObjects: 0.358000 ms CreateObjectMapping: 0.147000 ms MarkObjects: 3.034300 ms  DeleteObjects: 0.121400 ms)

AssetImportParameters requested are different than current active one (requested -> active):
  custom:video-decoder-ogg-theora: a1e56fd34408186e4bbccfd4996cb3dc -> 
  custom:container-muxer-webm: aa71ff27fc2769a1b78a27578f13a17b -> 
  custom:container-demuxer-webm: 4f35f7cbe854078d1ac9338744f61a02 -> 
  custom:video-encoder-webm-vp8: eb34c28f22e8b96e1ab97ce403110664 -> 
  custom:audio-encoder-webm-vorbis: bf7c407c2cedff20999df2af8eb42d56 -> 
  custom:framework-win-MediaFoundation: 216162199b28c13a410421893ffa2e32 -> 
  custom:container-demuxer-ogg: 62fdf1f143b41e24485cea50d1cbac27 -> 
  custom:video-decoder-webm-vp8: 9c59270c3fd7afecdb556c50c9e8de78 -> 
  custom:audio-decoder-ogg-vorbis: bf7c407c2cedff20999df2af8eb42d56 -> 
========================================================================
Received Prepare
Registering precompiled user dll's ...
Registered in 0.005089 seconds.
Begin MonoManager ReloadAssembly
Symbol file LoadedFromMemory doesn't match image D:\Разработка Игр\!!! 2 Четверь\3 курс - стратегия\Strategy\Library\PackageCache\com.unity.visualscripting@1.7.8\Editor\VisualScripting.Core\Dependencies\YamlDotNet\Unity.VisualScripting.YamlDotNet.dll
Symbol file LoadedFromMemory doesn't match image D:\Разработка Игр\!!! 2 Четверь\3 курс - стратегия\Strategy\Library\PackageCache\com.unity.visualscripting@1.7.8\Editor\VisualScripting.Core\Dependencies\DotNetZip\Unity.VisualScripting.IonicZip.dll
Native extension for WindowsStandalone target not found
Refreshing native plugins compatible for Editor in 0.70 ms, found 3 plugins.
Preloading 0 native plugins for Editor in 0.00 ms.
Mono: successfully reloaded assembly
- Completed reload, in  1.307 seconds
Domain Reload Profiling:
	ReloadAssembly (1308ms)
		BeginReloadAssembly (166ms)
			ExecutionOrderSort (0ms)
			DisableScriptedObjects (7ms)
			BackupInstance (0ms)
			ReleaseScriptingObjects (0ms)
			CreateAndSetChildDomain (42ms)
		EndReloadAssembly (1002ms)
			LoadAssemblies (105ms)
			RebuildTransferFunctionScriptingTraits (0ms)
			SetupTypeCache (340ms)
			ReleaseScriptCaches (1ms)
			RebuildScriptCaches (51ms)
			SetupLoadedEditorAssemblies (448ms)
				LogAssemblyErrors (0ms)
				InitializePlatformSupportModulesInManaged (15ms)
				SetLoadedEditorAssemblies (1ms)
				RefreshPlugins (1ms)
				BeforeProcessingInitializeOnLoad (92ms)
				ProcessInitializeOnLoadAttributes (288ms)
				ProcessInitializeOnLoadMethodAttributes (40ms)
				AfterProcessingInitializeOnLoad (11ms)
				EditorAssembliesLoaded (0ms)
			ExecutionOrderSort2 (0ms)
			AwakeInstancesAfterBackupRestoration (9ms)
Platform modules already initialized, skipping
Refreshing native plugins compatible for Editor in 2.84 ms, found 3 plugins.
Preloading 0 native plugins for Editor in 0.00 ms.
Unloading 3406 Unused Serialized files (Serialized files now loaded: 0)
Unloading 20 unused Assets / (81.9 KB). Loaded Objects now: 3915.
Memory consumption went from 127.2 MB to 127.1 MB.
Total: 4.665800 ms (FindLiveObjects: 0.307900 ms CreateObjectMapping: 0.138700 ms MarkObjects: 4.084300 ms  DeleteObjects: 0.133600 ms)

AssetImportParameters requested are different than current active one (requested -> active):
  custom:video-decoder-ogg-theora: a1e56fd34408186e4bbccfd4996cb3dc -> 
  custom:container-muxer-webm: aa71ff27fc2769a1b78a27578f13a17b -> 
  custom:container-demuxer-webm: 4f35f7cbe854078d1ac9338744f61a02 -> 
  custom:video-encoder-webm-vp8: eb34c28f22e8b96e1ab97ce403110664 -> 
  custom:audio-encoder-webm-vorbis: bf7c407c2cedff20999df2af8eb42d56 -> 
  custom:framework-win-MediaFoundation: 216162199b28c13a410421893ffa2e32 -> 
  custom:container-demuxer-ogg: 62fdf1f143b41e24485cea50d1cbac27 -> 
  custom:video-decoder-webm-vp8: 9c59270c3fd7afecdb556c50c9e8de78 -> 
  custom:audio-decoder-ogg-vorbis: bf7c407c2cedff20999df2af8eb42d56 -> 
========================================================================
Received Prepare
Registering precompiled user dll's ...
Registered in 0.004865 seconds.
Begin MonoManager ReloadAssembly
Symbol file LoadedFromMemory doesn't match image D:\Разработка Игр\!!! 2 Четверь\3 курс - стратегия\Strategy\Library\PackageCache\com.unity.visualscripting@1.7.8\Editor\VisualScripting.Core\Dependencies\YamlDotNet\Unity.VisualScripting.YamlDotNet.dll
Symbol file LoadedFromMemory doesn't match image D:\Разработка Игр\!!! 2 Четверь\3 курс - стратегия\Strategy\Library\PackageCache\com.unity.visualscripting@1.7.8\Editor\VisualScripting.Core\Dependencies\DotNetZip\Unity.VisualScripting.IonicZip.dll
Native extension for WindowsStandalone target not found
Refreshing native plugins compatible for Editor in 0.82 ms, found 3 plugins.
Preloading 0 native plugins for Editor in 0.00 ms.
Mono: successfully reloaded assembly
- Completed reload, in  1.333 seconds
Domain Reload Profiling:
	ReloadAssembly (1333ms)
		BeginReloadAssembly (174ms)
			ExecutionOrderSort (0ms)
			DisableScriptedObjects (8ms)
			BackupInstance (0ms)
			ReleaseScriptingObjects (0ms)
			CreateAndSetChildDomain (45ms)
		EndReloadAssembly (1036ms)
			LoadAssemblies (113ms)
			RebuildTransferFunctionScriptingTraits (0ms)
			SetupTypeCache (352ms)
			ReleaseScriptCaches (2ms)
			RebuildScriptCaches (56ms)
			SetupLoadedEditorAssemblies (460ms)
				LogAssemblyErrors (0ms)
				InitializePlatformSupportModulesInManaged (18ms)
				SetLoadedEditorAssemblies (1ms)
				RefreshPlugins (1ms)
				BeforeProcessingInitializeOnLoad (95ms)
				ProcessInitializeOnLoadAttributes (293ms)
				ProcessInitializeOnLoadMethodAttributes (39ms)
				AfterProcessingInitializeOnLoad (13ms)
				EditorAssembliesLoaded (0ms)
			ExecutionOrderSort2 (0ms)
			AwakeInstancesAfterBackupRestoration (9ms)
Platform modules already initialized, skipping
Refreshing native plugins compatible for Editor in 2.02 ms, found 3 plugins.
Preloading 0 native plugins for Editor in 0.00 ms.
Unloading 3406 Unused Serialized files (Serialized files now loaded: 0)
Unloading 20 unused Assets / (81.9 KB). Loaded Objects now: 3918.
Memory consumption went from 127.2 MB to 127.1 MB.
Total: 3.674500 ms (FindLiveObjects: 0.310000 ms CreateObjectMapping: 0.136900 ms MarkObjects: 3.043200 ms  DeleteObjects: 0.183200 ms)

AssetImportParameters requested are different than current active one (requested -> active):
  custom:video-decoder-ogg-theora: a1e56fd34408186e4bbccfd4996cb3dc -> 
  custom:container-muxer-webm: aa71ff27fc2769a1b78a27578f13a17b -> 
  custom:container-demuxer-webm: 4f35f7cbe854078d1ac9338744f61a02 -> 
  custom:video-encoder-webm-vp8: eb34c28f22e8b96e1ab97ce403110664 -> 
  custom:audio-encoder-webm-vorbis: bf7c407c2cedff20999df2af8eb42d56 -> 
  custom:framework-win-MediaFoundation: 216162199b28c13a410421893ffa2e32 -> 
  custom:container-demuxer-ogg: 62fdf1f143b41e24485cea50d1cbac27 -> 
  custom:video-decoder-webm-vp8: 9c59270c3fd7afecdb556c50c9e8de78 -> 
  custom:audio-decoder-ogg-vorbis: bf7c407c2cedff20999df2af8eb42d56 -> 
